Release 14.6 - xst P.68d (lin64)
Copyright (c) 1995-2013 Xilinx, Inc.  All rights reserved.
--> 

TABLE OF CONTENTS
  1) Synthesis Options Summary
  2) HDL Parsing
  3) HDL Elaboration
  4) HDL Synthesis
       4.1) HDL Synthesis Report
  5) Advanced HDL Synthesis
       5.1) Advanced HDL Synthesis Report
  6) Low Level Synthesis
  7) Partition Report
  8) Design Summary
       8.1) Primitive and Black Box Usage
       8.2) Device utilization summary
       8.3) Partition Resource Summary
       8.4) Timing Report
            8.4.1) Clock Information
            8.4.2) Asynchronous Control Signals Information
            8.4.3) Timing Summary
            8.4.4) Timing Details
            8.4.5) Cross Clock Domains Report


=========================================================================
*                      Synthesis Options Summary                        *
=========================================================================
---- Source Parameters
Input File Name                    : "project.src"
Input Format                       : mixed

---- Target Parameters
Target Device                      : xc7a100t-csg324-3
Output File Name                   : "project.ngc"
Output Format                      : NGC

---- Source Options
Top Module Name                    : peripheral_i2c

---- General Options
Optimization Goal                  : Area
Optimization Effort                : 1
RTL Output                         : yes

=========================================================================


=========================================================================
*                          HDL Parsing                                  *
=========================================================================
ERROR:Xst:2927 - "/home/julian/Semestre_VI/Digital_Lab/Algoritmosp/J1/build/project.src" line 2: Source file ..//i2c_master.v does not exist
--> 


Total memory usage is 338524 kilobytes

Number of errors   :    1 (   0 filtered)
Number of warnings :    0 (   0 filtered)
Number of infos    :    0 (   0 filtered)

